[INFO] Scanning for projects...
[INFO] 
[INFO] -----------------------< com.pharmamap:backend >------------------------
[INFO] Building PharmaMap Backend 0.0.1-SNAPSHOT
[INFO]   from pom.xml
[INFO] --------------------------------[ jar ]---------------------------------
[INFO] 
[INFO] >>> spring-boot:3.2.5:run (default-cli) > test-compile @ backend >>>
[INFO] 
[INFO] --- resources:3.3.1:resources (default-resources) @ backend ---
[INFO] Copying 1 resource from src\main\resources to target\classes
[INFO] Copying 0 resource from src\main\resources to target\classes
[INFO] 
[INFO] --- compiler:3.11.0:compile (default-compile) @ backend ---
[INFO] Changes detected - recompiling the module! :source
[INFO] Compiling 37 source files with javac [debug release 21] to target\classes
[INFO] Annotation processing is enabled because one or more processors were found
  on the class path. A future release of javac may disable annotation processing
  unless at least one processor is specified by name (-processor), or a search
  path is specified (--processor-path, --processor-module-path), or annotation
  processing is enabled explicitly (-proc:only, -proc:full).
  Use -Xlint:-options to suppress this message.
  Use -proc:none to disable annotation processing.
[INFO] 
[INFO] --- resources:3.3.1:testResources (default-testResources) @ backend ---
[INFO] skip non existing resourceDirectory D:\Projects\Web\PharmaMap\backend\src\test\resources
[INFO] 
[INFO] --- compiler:3.11.0:testCompile (default-testCompile) @ backend ---
[INFO] No sources to compile
[INFO] 
[INFO] <<< spring-boot:3.2.5:run (default-cli) < test-compile @ backend <<<
[INFO] 
[INFO] 
[INFO] --- spring-boot:3.2.5:run (default-cli) @ backend ---
[INFO] Attaching agents: []

  .   ____          _            __ _ _
 /\\ / ___'_ __ _ _(_)_ __  __ _ \ \ \ \
( ( )\___ | '_ | '_| | '_ \/ _` | \ \ \ \
 \\/  ___)| |_)| | | | | || (_| |  ) ) ) )
  '  |____| .__|_| |_|_| |_\__, | / / / /
 =========|_|==============|___/=/_/_/_/
 :: Spring Boot ::                (v3.2.5)

2026-03-11T02:48:49.090+05:30  INFO 12516 --- [pharmamap] [           main] c.p.backend.PharmaMapApplication         : Starting PharmaMapApplication using Java 21.0.9 with PID 12516 (D:\Projects\Web\PharmaMap\backend\target\classes started by suhai in D:\Projects\Web\PharmaMap\backend)
2026-03-11T02:48:49.091+05:30  INFO 12516 --- [pharmamap] [           main] c.p.backend.PharmaMapApplication         : No active profile set, falling back to 1 default profile: "default"
2026-03-11T02:48:49.593+05:30  INFO 12516 --- [pharmamap] [           main] .s.d.r.c.RepositoryConfigurationDelegate : Bootstrapping Spring Data JPA repositories in DEFAULT mode.
2026-03-11T02:48:49.638+05:30  INFO 12516 --- [pharmamap] [           main] .s.d.r.c.RepositoryConfigurationDelegate : Finished Spring Data repository scanning in 40 ms. Found 4 JPA repository interfaces.
2026-03-11T02:48:50.060+05:30  INFO 12516 --- [pharmamap] [           main] o.s.b.w.embedded.tomcat.TomcatWebServer  : Tomcat initialized with port 8080 (http)
2026-03-11T02:48:50.071+05:30  INFO 12516 --- [pharmamap] [           main] o.apache.catalina.core.StandardService   : Starting service [Tomcat]
2026-03-11T02:48:50.072+05:30  INFO 12516 --- [pharmamap] [           main] o.apache.catalina.core.StandardEngine    : Starting Servlet engine: [Apache Tomcat/10.1.20]
2026-03-11T02:48:50.122+05:30  INFO 12516 --- [pharmamap] [           main] o.a.c.c.C.[Tomcat].[localhost].[/]       : Initializing Spring embedded WebApplicationContext
2026-03-11T02:48:50.122+05:30  INFO 12516 --- [pharmamap] [           main] w.s.c.ServletWebServerApplicationContext : Root WebApplicationContext: initialization completed in 1002 ms
2026-03-11T02:48:50.225+05:30  INFO 12516 --- [pharmamap] [           main] o.hibernate.jpa.internal.util.LogHelper  : HHH000204: Processing PersistenceUnitInfo [name: default]
2026-03-11T02:48:50.271+05:30  INFO 12516 --- [pharmamap] [           main] org.hibernate.Version                    : HHH000412: Hibernate ORM core version 6.4.4.Final
2026-03-11T02:48:50.295+05:30  INFO 12516 --- [pharmamap] [           main] o.h.c.internal.RegionFactoryInitiator    : HHH000026: Second-level cache disabled
2026-03-11T02:48:50.459+05:30  INFO 12516 --- [pharmamap] [           main] o.s.o.j.p.SpringPersistenceUnitInfo      : No LoadTimeWeaver setup: ignoring JPA class transformer
2026-03-11T02:48:50.479+05:30  INFO 12516 --- [pharmamap] [           main] com.zaxxer.hikari.HikariDataSource       : HikariPool-1 - Starting...
2026-03-11T02:48:50.604+05:30  INFO 12516 --- [pharmamap] [           main] com.zaxxer.hikari.pool.HikariPool        : HikariPool-1 - Added connection com.mysql.cj.jdbc.ConnectionImpl@43e8f1c
2026-03-11T02:48:50.606+05:30  INFO 12516 --- [pharmamap] [           main] com.zaxxer.hikari.HikariDataSource       : HikariPool-1 - Start completed.
2026-03-11T02:48:50.647+05:30  WARN 12516 --- [pharmamap] [           main] org.hibernate.orm.deprecation            : HHH90000025: MySQLDialect does not need to be specified explicitly using 'hibernate.dialect' (remove the property setting and it will be selected by default)
2026-03-11T02:48:51.349+05:30  INFO 12516 --- [pharmamap] [           main] o.h.e.t.j.p.i.JtaPlatformInitiator       : HHH000489: No JTA platform available (set 'hibernate.transaction.jta.platform' to enable JTA platform integration)
2026-03-11T02:48:51.415+05:30  INFO 12516 --- [pharmamap] [           main] j.LocalContainerEntityManagerFactoryBean : Initialized JPA EntityManagerFactory for persistence unit 'default'
2026-03-11T02:48:51.715+05:30  INFO 12516 --- [pharmamap] [           main] o.s.d.j.r.query.QueryEnhancerFactory     : Hibernate is in classpath; If applicable, HQL parser will be used.
2026-03-11T02:48:52.051+05:30  WARN 12516 --- [pharmamap] [           main] JpaBaseConfiguration$JpaWebConfiguration : spring.jpa.open-in-view is enabled by default. Therefore, database queries may be performed during view rendering. Explicitly configure spring.jpa.open-in-view to disable this warning
2026-03-11T02:48:52.222+05:30  INFO 12516 --- [pharmamap] [           main] o.s.s.web.DefaultSecurityFilterChain     : Will secure any request with [org.springframework.security.web.session.DisableEncodeUrlFilter@19b6b7e7, org.springframework.security.web.context.request.async.WebAsyncManagerIntegrationFilter@2c332922, org.springframework.security.web.context.SecurityContextHolderFilter@788be73c, org.springframework.security.web.header.HeaderWriterFilter@7c142018, org.springframework.web.filter.CorsFilter@6b8773c7, org.springframework.security.web.authentication.logout.LogoutFilter@5aa0d535, com.pharmamap.backend.security.JwtAuthenticationFilter@558ed473, org.springframework.security.web.savedrequest.RequestCacheAwareFilter@75a0e0c2, org.springframework.security.web.servletapi.SecurityContextHolderAwareRequestFilter@4190b111, org.springframework.security.web.authentication.AnonymousAuthenticationFilter@74534564, org.springframework.security.web.session.SessionManagementFilter@16716cc0, org.springframework.security.web.access.ExceptionTranslationFilter@675c1335, org.springframework.security.web.access.intercept.AuthorizationFilter@47de4dce]
2026-03-11T02:48:52.374+05:30  INFO 12516 --- [pharmamap] [           main] o.s.b.w.embedded.tomcat.TomcatWebServer  : Tomcat started on port 8080 (http) with context path ''
2026-03-11T02:48:52.380+05:30  INFO 12516 --- [pharmamap] [           main] c.p.backend.PharmaMapApplication         : Started PharmaMapApplication in 3.545 seconds (process running for 3.824)
2026-03-11T02:49:03.444+05:30  INFO 12516 --- [pharmamap] [nio-8080-exec-1] o.a.c.c.C.[Tomcat].[localhost].[/]       : Initializing Spring DispatcherServlet 'dispatcherServlet'
2026-03-11T02:49:03.444+05:30  INFO 12516 --- [pharmamap] [nio-8080-exec-1] o.s.web.servlet.DispatcherServlet        : Initializing Servlet 'dispatcherServlet'
2026-03-11T02:49:03.445+05:30  INFO 12516 --- [pharmamap] [nio-8080-exec-1] o.s.web.servlet.DispatcherServlet        : Completed initialization in 1 ms
Hibernate: 
    select
        u1_0.id,
        u1_0.created_at,
        u1_0.email,
        u1_0.name,
        u1_0.password_hash,
        u1_0.phone,
        u1_0.role,
        u1_0.updated_at 
    from
        users u1_0 
    where
        u1_0.email=?
Hibernate: 
    select
        u1_0.id,
        u1_0.created_at,
        u1_0.email,
        u1_0.name,
        u1_0.password_hash,
        u1_0.phone,
        u1_0.role,
        u1_0.updated_at 
    from
        users u1_0 
    where
        u1_0.email=?
Hibernate: 
    select
        u1_0.id,
        u1_0.created_at,
        u1_0.email,
        u1_0.name,
        u1_0.password_hash,
        u1_0.phone,
        u1_0.role,
        u1_0.updated_at 
    from
        users u1_0 
    where
        u1_0.email=?
Hibernate: 
    select
        u1_0.id,
        u1_0.created_at,
        u1_0.email,
        u1_0.name,
        u1_0.password_hash,
        u1_0.phone,
        u1_0.role,
        u1_0.updated_at 
    from
        users u1_0 
    where
        u1_0.email=?
Hibernate: 
    select
        p1_0.id,
        p1_0.address,
        p1_0.city,
        p1_0.created_at,
        p1_0.is_verified,
        p1_0.latitude,
        p1_0.license_number,
        p1_0.longitude,
        p1_0.name,
        p1_0.owner_id,
        p1_0.phone,
        p1_0.pincode 
    from
        pharmacies p1_0 
    left join
        users o1_0 
            on o1_0.id=p1_0.owner_id 
    where
        o1_0.id=?
Hibernate: 
    select
        m1_0.id,
        m1_0.brand_name,
        m1_0.created_at,
        m1_0.form,
        m1_0.manufacturer,
        m1_0.name,
        m1_0.prescription_required,
        m1_0.salt_name,
        m1_0.strength 
    from
        medicines m1_0 
    where
        m1_0.id=?
Hibernate: 
    select
        i1_0.id,
        i1_0.last_updated,
        i1_0.medicine_id,
        i1_0.pharmacy_id,
        i1_0.price,
        i1_0.quantity 
    from
        inventory i1_0 
    left join
        pharmacies p1_0 
            on p1_0.id=i1_0.pharmacy_id 
    left join
        medicines m1_0 
            on m1_0.id=i1_0.medicine_id 
    where
        p1_0.id=? 
        and m1_0.id=?
Hibernate: 
    insert 
    into
        inventory
        (last_updated, medicine_id, pharmacy_id, price, quantity) 
    values
        (?, ?, ?, ?, ?)
Hibernate: 
    SELECT
        i.price AS price,
        i.quantity AS quantity,
        m.name AS medicineName,
        m.strength AS strength,
        m.form AS form,
        p.id AS pharmacyId,
        p.name AS pharmacyName,
        p.address AS address,
        p.phone AS phone,
        p.latitude AS latitude,
        p.longitude AS longitude,
        (6371 * acos(cos(radians(?)) * cos(radians(p.latitude)) * cos(radians(p.longitude) - radians(?)) + sin(radians(?)) * sin(radians(p.latitude)))) AS distance 
    FROM
        inventory i 
    JOIN
        medicines m 
            ON i.medicine_id = m.id 
    JOIN
        pharmacies p 
            ON i.pharmacy_id = p.id 
    WHERE
        LOWER(m.name) LIKE LOWER(CONCAT('%', ?, '%')) 
        AND i.quantity > 0 
    HAVING
        distance < ? 
    ORDER BY
        distance ASC
