[INFO] Scanning for projects...
[INFO] 
[INFO] -----------------------< com.pharmamap:backend >------------------------
[INFO] Building PharmaMap Backend 0.0.1-SNAPSHOT
[INFO]   from pom.xml
[INFO] --------------------------------[ jar ]---------------------------------
[INFO] 
[INFO] >>> spring-boot:3.2.5:run (default-cli) > test-compile @ backend >>>
[INFO] 
[INFO] --- resources:3.3.1:resources (default-resources) @ backend ---
[INFO] Copying 1 resource from src\main\resources to target\classes
[INFO] Copying 0 resource from src\main\resources to target\classes
[INFO] 
[INFO] --- compiler:3.11.0:compile (default-compile) @ backend ---
[INFO] Nothing to compile - all classes are up to date
[INFO] 
[INFO] --- resources:3.3.1:testResources (default-testResources) @ backend ---
[INFO] skip non existing resourceDirectory D:\Projects\Web\PharmaMap\backend\src\test\resources
[INFO] 
[INFO] --- compiler:3.11.0:testCompile (default-testCompile) @ backend ---
[INFO] No sources to compile
[INFO] 
[INFO] <<< spring-boot:3.2.5:run (default-cli) < test-compile @ backend <<<
[INFO] 
[INFO] 
[INFO] --- spring-boot:3.2.5:run (default-cli) @ backend ---
[INFO] Attaching agents: []

  .   ____          _            __ _ _
 /\\ / ___'_ __ _ _(_)_ __  __ _ \ \ \ \
( ( )\___ | '_ | '_| | '_ \/ _` | \ \ \ \
 \\/  ___)| |_)| | | | | || (_| |  ) ) ) )
  '  |____| .__|_| |_|_| |_\__, | / / / /
 =========|_|==============|___/=/_/_/_/
 :: Spring Boot ::                (v3.2.5)

2026-03-11T03:20:59.979+05:30  INFO 3064 --- [pharmamap] [           main] c.p.backend.PharmaMapApplication         : Starting PharmaMapApplication using Java 21.0.9 with PID 3064 (D:\Projects\Web\PharmaMap\backend\target\classes started by suhai in D:\Projects\Web\PharmaMap\backend)
2026-03-11T03:20:59.980+05:30  INFO 3064 --- [pharmamap] [           main] c.p.backend.PharmaMapApplication         : No active profile set, falling back to 1 default profile: "default"
2026-03-11T03:21:00.476+05:30  INFO 3064 --- [pharmamap] [           main] .s.d.r.c.RepositoryConfigurationDelegate : Bootstrapping Spring Data JPA repositories in DEFAULT mode.
2026-03-11T03:21:00.524+05:30  INFO 3064 --- [pharmamap] [           main] .s.d.r.c.RepositoryConfigurationDelegate : Finished Spring Data repository scanning in 42 ms. Found 4 JPA repository interfaces.
2026-03-11T03:21:00.947+05:30  INFO 3064 --- [pharmamap] [           main] o.s.b.w.embedded.tomcat.TomcatWebServer  : Tomcat initialized with port 8080 (http)
2026-03-11T03:21:00.956+05:30  INFO 3064 --- [pharmamap] [           main] o.apache.catalina.core.StandardService   : Starting service [Tomcat]
2026-03-11T03:21:00.956+05:30  INFO 3064 --- [pharmamap] [           main] o.apache.catalina.core.StandardEngine    : Starting Servlet engine: [Apache Tomcat/10.1.20]
2026-03-11T03:21:01.004+05:30  INFO 3064 --- [pharmamap] [           main] o.a.c.c.C.[Tomcat].[localhost].[/]       : Initializing Spring embedded WebApplicationContext
2026-03-11T03:21:01.005+05:30  INFO 3064 --- [pharmamap] [           main] w.s.c.ServletWebServerApplicationContext : Root WebApplicationContext: initialization completed in 994 ms
2026-03-11T03:21:01.102+05:30  INFO 3064 --- [pharmamap] [           main] o.hibernate.jpa.internal.util.LogHelper  : HHH000204: Processing PersistenceUnitInfo [name: default]
2026-03-11T03:21:01.143+05:30  INFO 3064 --- [pharmamap] [           main] org.hibernate.Version                    : HHH000412: Hibernate ORM core version 6.4.4.Final
2026-03-11T03:21:01.166+05:30  INFO 3064 --- [pharmamap] [           main] o.h.c.internal.RegionFactoryInitiator    : HHH000026: Second-level cache disabled
2026-03-11T03:21:01.325+05:30  INFO 3064 --- [pharmamap] [           main] o.s.o.j.p.SpringPersistenceUnitInfo      : No LoadTimeWeaver setup: ignoring JPA class transformer
2026-03-11T03:21:01.346+05:30  INFO 3064 --- [pharmamap] [           main] com.zaxxer.hikari.HikariDataSource       : HikariPool-1 - Starting...
2026-03-11T03:21:01.469+05:30  INFO 3064 --- [pharmamap] [           main] com.zaxxer.hikari.pool.HikariPool        : HikariPool-1 - Added connection com.mysql.cj.jdbc.ConnectionImpl@610fbe1c
2026-03-11T03:21:01.471+05:30  INFO 3064 --- [pharmamap] [           main] com.zaxxer.hikari.HikariDataSource       : HikariPool-1 - Start completed.
2026-03-11T03:21:01.508+05:30  WARN 3064 --- [pharmamap] [           main] org.hibernate.orm.deprecation            : HHH90000025: MySQLDialect does not need to be specified explicitly using 'hibernate.dialect' (remove the property setting and it will be selected by default)
2026-03-11T03:21:02.205+05:30  INFO 3064 --- [pharmamap] [           main] o.h.e.t.j.p.i.JtaPlatformInitiator       : HHH000489: No JTA platform available (set 'hibernate.transaction.jta.platform' to enable JTA platform integration)
2026-03-11T03:21:02.272+05:30  INFO 3064 --- [pharmamap] [           main] j.LocalContainerEntityManagerFactoryBean : Initialized JPA EntityManagerFactory for persistence unit 'default'
2026-03-11T03:21:02.597+05:30  INFO 3064 --- [pharmamap] [           main] o.s.d.j.r.query.QueryEnhancerFactory     : Hibernate is in classpath; If applicable, HQL parser will be used.
2026-03-11T03:21:03.045+05:30  WARN 3064 --- [pharmamap] [           main] JpaBaseConfiguration$JpaWebConfiguration : spring.jpa.open-in-view is enabled by default. Therefore, database queries may be performed during view rendering. Explicitly configure spring.jpa.open-in-view to disable this warning
2026-03-11T03:21:03.255+05:30  INFO 3064 --- [pharmamap] [           main] o.s.s.web.DefaultSecurityFilterChain     : Will secure any request with [org.springframework.security.web.session.DisableEncodeUrlFilter@2c332922, org.springframework.security.web.context.request.async.WebAsyncManagerIntegrationFilter@6b8773c7, org.springframework.security.web.context.SecurityContextHolderFilter@788be73c, org.springframework.security.web.header.HeaderWriterFilter@7c142018, org.springframework.web.filter.CorsFilter@74534564, org.springframework.security.web.authentication.logout.LogoutFilter@5aa0d535, com.pharmamap.backend.security.JwtAuthenticationFilter@6a7ab205, org.springframework.security.web.savedrequest.RequestCacheAwareFilter@75a0e0c2, org.springframework.security.web.servletapi.SecurityContextHolderAwareRequestFilter@4190b111, org.springframework.security.web.authentication.AnonymousAuthenticationFilter@5876cd86, org.springframework.security.web.session.SessionManagementFilter@16716cc0, org.springframework.security.web.access.ExceptionTranslationFilter@675c1335, org.springframework.security.web.access.intercept.AuthorizationFilter@4951c45f]
2026-03-11T03:21:03.417+05:30  WARN 3064 --- [pharmamap] [           main] ConfigServletWebServerApplicationContext : Exception encountered during context initialization - cancelling refresh attempt: org.springframework.context.ApplicationContextException: Failed to start bean 'webServerStartStop'
2026-03-11T03:21:03.418+05:30  INFO 3064 --- [pharmamap] [           main] j.LocalContainerEntityManagerFactoryBean : Closing JPA EntityManagerFactory for persistence unit 'default'
2026-03-11T03:21:03.420+05:30  INFO 3064 --- [pharmamap] [           main] com.zaxxer.hikari.HikariDataSource       : HikariPool-1 - Shutdown initiated...
2026-03-11T03:21:03.425+05:30  INFO 3064 --- [pharmamap] [           main] com.zaxxer.hikari.HikariDataSource       : HikariPool-1 - Shutdown completed.
2026-03-11T03:21:03.434+05:30  INFO 3064 --- [pharmamap] [           main] .s.b.a.l.ConditionEvaluationReportLogger : 

Error starting ApplicationContext. To display the condition evaluation report re-run your application with 'debug' enabled.
2026-03-11T03:21:03.447+05:30 ERROR 3064 --- [pharmamap] [           main] o.s.b.d.LoggingFailureAnalysisReporter   : 

***************************
APPLICATION FAILED TO START
***************************

Description:

Web server failed to start. Port 8080 was already in use.

Action:

Identify and stop the process that's listening on port 8080 or configure this application to listen on another port.

[INFO] ------------------------------------------------------------------------
[INFO] BUILD FAILURE
[INFO] ------------------------------------------------------------------------
[INFO] Total time:  5.494 s
[INFO] Finished at: 2026-03-11T03:21:03+05:30
[INFO] ------------------------------------------------------------------------
[ERROR] Failed to execute goal org.springframework.boot:spring-boot-maven-plugin:3.2.5:run (default-cli) on project backend: Process terminated with exit code: 1 -> [Help 1]
[ERROR] 
[ERROR] To see the full stack trace of the errors, re-run Maven with the -e switch.
[ERROR] Re-run Maven using the -X switch to enable full debug logging.
[ERROR] 
[ERROR] For more information about the errors and possible solutions, please read the following articles:
[ERROR] [Help 1] http://cwiki.apache.org/confluence/display/MAVEN/MojoExecutionException
